Crashlog created at 2021-06-05 10:34:48 +0100

===== MESSAGE:

LoadError: Couldn't find handler for: puma, thin, falcon, webrick.

===== STACK TRACE:

  0. /Users/davidsauntson/.rvm/gems/ruby-3.0.0/gems/rack-2.2.3/lib/rack/handler.rb:45:in `pick'
  1. /Users/davidsauntson/.rvm/gems/ruby-3.0.0/gems/rack-2.2.3/lib/rack/handler.rb:60:in `default'
  2. /Users/davidsauntson/.rvm/gems/ruby-3.0.0/gems/adsf-1.4.6/lib/adsf/server.rb:77:in `build_handler'
  3. /Users/davidsauntson/.rvm/gems/ruby-3.0.0/gems/adsf-1.4.6/lib/adsf/server.rb:17:in `run'
  4. /Users/davidsauntson/.rvm/gems/ruby-3.0.0/gems/nanoc-cli-4.12.2/lib/nanoc/cli/commands/view.rb:37:in `run'
  5. /Users/davidsauntson/.rvm/gems/ruby-3.0.0/gems/nanoc-cli-4.12.2/lib/nanoc/cli/command_runner.rb:15:in `block in call'
  6. /Users/davidsauntson/.rvm/gems/ruby-3.0.0/gems/nanoc-cli-4.12.2/lib/nanoc/cli/error_handler.rb:15:in `block in handle_while'
  7. /Users/davidsauntson/.rvm/gems/ruby-3.0.0/gems/nanoc-cli-4.12.2/lib/nanoc/cli/error_handler.rb:57:in `handle_while'
  8. /Users/davidsauntson/.rvm/gems/ruby-3.0.0/gems/nanoc-cli-4.12.2/lib/nanoc/cli/error_handler.rb:15:in `handle_while'
  9. /Users/davidsauntson/.rvm/gems/ruby-3.0.0/gems/nanoc-cli-4.12.2/lib/nanoc/cli/command_runner.rb:14:in `call'
  10. /Users/davidsauntson/.rvm/gems/ruby-3.0.0/gems/cri-2.15.11/lib/cri/command_dsl.rb:294:in `block in runner'
  11. /Users/davidsauntson/.rvm/gems/ruby-3.0.0/gems/cri-2.15.11/lib/cri/command.rb:362:in `run_this'
  12. /Users/davidsauntson/.rvm/gems/ruby-3.0.0/gems/cri-2.15.11/lib/cri/command.rb:298:in `run'
  13. /Users/davidsauntson/.rvm/gems/ruby-3.0.0/gems/cri-2.15.11/lib/cri/command.rb:316:in `run'
  14. /Users/davidsauntson/.rvm/gems/ruby-3.0.0/gems/nanoc-cli-4.12.2/lib/nanoc/cli.rb:88:in `block in run'
  15. /Users/davidsauntson/.rvm/gems/ruby-3.0.0/gems/nanoc-cli-4.12.2/lib/nanoc/cli/error_handler.rb:15:in `block in handle_while'
  16. /Users/davidsauntson/.rvm/gems/ruby-3.0.0/gems/nanoc-cli-4.12.2/lib/nanoc/cli/error_handler.rb:57:in `handle_while'
  17. /Users/davidsauntson/.rvm/gems/ruby-3.0.0/gems/nanoc-cli-4.12.2/lib/nanoc/cli/error_handler.rb:15:in `handle_while'
  18. /Users/davidsauntson/.rvm/gems/ruby-3.0.0/gems/nanoc-cli-4.12.2/lib/nanoc/cli.rb:86:in `run'
  19. /Users/davidsauntson/.rvm/gems/ruby-3.0.0/gems/nanoc-4.12.2/bin/nanoc:18:in `<top (required)>'
  20. /Users/davidsauntson/.rvm/gems/ruby-3.0.0/bin/nanoc:23:in `load'

===== VERSION INFORMATION:

Nanoc 4.12.2 © 2007–2021 Denis Defreyne.
Running ruby 3.0.0 (2020-12-25) on x86_64-darwin20 with RubyGems 3.2.3.

===== SYSTEM INFORMATION:

Darwin Davids-MacBook-Pro.local 20.3.0 Darwin Kernel Version 20.3.0: Thu Jan 21 00:07:06 PST 2021; root:xnu-7195.81.3~1/RELEASE_X86_64 x86_64

===== INSTALLED GEMS:

  abbrev 0.1.0
  actioncable 6.1.3.1
  actionmailbox 6.1.3.1
  actionmailer 6.1.3.1
  actionpack 6.1.3.1
  actiontext 6.1.3.1
  actionview 6.1.3.1
  activejob 6.1.3.1
  activemodel 6.1.3.1
  activerecord 6.1.3.1
  activestorage 6.1.3.1
  activesupport 6.1.3.1
  addressable 2.7.0
  adsf 1.4.6
  base64 0.1.0
  benchmark 0.1.1
  bigdecimal 3.0.0
  builder 3.2.4
  bundler 2.2.3
  bundler-unload 1.0.2
  cgi 0.2.0
  colored 1.2
  concurrent-ruby 1.1.8
  crass 1.0.6
  cri 2.15.11
  csv 3.1.9
  date 3.1.0
  dbm 1.1.0
  ddmemoize 1.0.0
  ddmetrics 1.0.1
  ddplugin 1.0.3
  debug 0.1.0
  delegate 0.2.0
  did_you_mean 1.5.0
  diff-lcs 1.4.4
  digest 3.0.0
  drb 2.0.4
  english 0.7.1
  erb 2.2.0
  erubi 1.10.0
  etc 1.2.0
  executable-hooks 1.6.1
  fcntl 1.0.0
  fiddle 1.0.6
  fileutils 1.5.0
  find 0.1.0
  forwardable 1.3.2
  gem-wrappers 1.4.0
  getoptlong 0.1.1
  globalid 0.4.2
  hamster 3.0.0
  i18n 1.8.10
  io-console 0.5.6
  io-nonblock 0.1.0
  io-wait 0.1.0
  ipaddr 1.2.2
  irb 1.3.0
  json 2.5.1
  json_schema 0.21.0
  logger 1.4.3
  loofah 2.9.1
  mail 2.7.1
  marcel 1.0.1
  matrix 0.3.1
  method_source 1.0.0
  mini_mime 1.0.3
  minitest 5.14.2
  mutex_m 0.1.1
  nanoc 4.12.2
  nanoc-checking 1.0.1
  nanoc-cli 4.12.2
  nanoc-core 4.12.2
  nanoc-deploying 1.0.1
  net-ftp 0.1.1
  net-http 0.1.1
  net-imap 0.1.1
  net-pop 0.1.1
  net-protocol 0.1.0
  net-smtp 0.2.1
  nio4r 2.5.7
  nkf 0.1.0
  nokogiri 1.11.3
  observer 0.1.1
  open-uri 0.1.0
  open3 0.1.1
  openssl 2.2.0
  optparse 0.1.0
  ostruct 0.3.1
  parallel 1.20.1
  pastel 0.8.0
  pathname 0.1.0
  power_assert 1.2.0
  pp 0.1.0
  prettyprint 0.1.0
  prime 0.1.2
  pstore 0.1.1
  psych 3.3.0
  public_suffix 4.0.6
  racc 1.5.1
  rack 2.2.3
  rack-test 1.1.0
  rails 6.1.3.1
  rails-dom-testing 2.0.3
  rails-html-sanitizer 1.3.0
  railties 6.1.3.1
  rake 13.0.3
  rbs 1.0.0
  rdoc 6.3.0
  readline 0.0.2
  readline-ext 0.1.1
  ref 2.0.0
  reline 0.2.0
  resolv 0.2.0
  resolv-replace 0.1.0
  rexml 3.2.4
  rinda 0.1.0
  rss 0.2.9
  rubygems-bundler 1.4.5
  rvm 1.11.3.9
  securerandom 0.1.0
  set 1.0.1
  shellwords 0.1.0
  singleton 0.1.1
  slow_enumerator_tools 1.1.0
  sprockets 4.0.2
  sprockets-rails 3.2.2
  stringio 3.0.0
  strscan 3.0.0
  syslog 0.1.0
  tempfile 0.1.1
  test-unit 3.3.7
  thor 1.1.0
  time 0.1.0
  timeout 0.1.1
  tmpdir 0.1.1
  tracer 0.1.1
  tsort 0.1.0
  tty-color 0.6.0
  tty-command 0.10.1
  tty-platform 0.3.0
  tty-which 0.4.2
  typeprof 0.11.0
  tzinfo 2.0.4
  un 0.1.0
  uri 0.10.1
  weakref 0.1.1
  websocket-driver 0.7.3
  websocket-extensions 0.1.5
  yaml 0.1.1
  zeitwerk 2.4.2
  zlib 1.1.0

===== LOAD PATHS:

  0. /Users/davidsauntson/.rvm/gems/ruby-3.0.0/gems/ref-2.0.0/lib
  1. /Users/davidsauntson/.rvm/gems/ruby-3.0.0/gems/public_suffix-4.0.6/lib
  2. /Users/davidsauntson/.rvm/gems/ruby-3.0.0/gems/addressable-2.7.0/lib
  3. /Users/davidsauntson/.rvm/gems/ruby-3.0.0/gems/colored-1.2/lib
  4. /Users/davidsauntson/.rvm/gems/ruby-3.0.0/gems/cri-2.15.11/lib
  5. /Users/davidsauntson/.rvm/gems/ruby-3.0.0/gems/diff-lcs-1.4.4/lib
  6. /Users/davidsauntson/.rvm/gems/ruby-3.0.0/gems/concurrent-ruby-1.1.8/lib/concurrent-ruby
  7. /Users/davidsauntson/.rvm/gems/ruby-3.0.0/gems/ddmetrics-1.0.1/lib
  8. /Users/davidsauntson/.rvm/gems/ruby-3.0.0/gems/ref-2.0.0/lib
  9. /Users/davidsauntson/.rvm/gems/ruby-3.0.0/gems/ddmemoize-1.0.0/lib
  10. /Users/davidsauntson/.rvm/gems/ruby-3.0.0/gems/ddplugin-1.0.3/lib
  11. /Users/davidsauntson/.rvm/gems/ruby-3.0.0/gems/hamster-3.0.0/lib
  12. /Users/davidsauntson/.rvm/gems/ruby-3.0.0/gems/json_schema-0.21.0/lib
  13. /Users/davidsauntson/.rvm/gems/ruby-3.0.0/gems/slow_enumerator_tools-1.1.0/lib
  14. /Users/davidsauntson/.rvm/gems/ruby-3.0.0/gems/tty-platform-0.3.0/lib
  15. /Users/davidsauntson/.rvm/gems/ruby-3.0.0/gems/zeitwerk-2.4.2/lib
  16. /Users/davidsauntson/.rvm/gems/ruby-3.0.0/gems/nanoc-core-4.12.2/lib
  17. /Users/davidsauntson/.rvm/gems/ruby-3.0.0/gems/nanoc-cli-4.12.2/lib
  18. /Users/davidsauntson/.rvm/gems/ruby-3.0.0/gems/nanoc-checking-1.0.1/lib
  19. /Users/davidsauntson/.rvm/gems/ruby-3.0.0/gems/nanoc-deploying-1.0.1/lib
  20. /Users/davidsauntson/.rvm/gems/ruby-3.0.0/gems/parallel-1.20.1/lib
  21. /Users/davidsauntson/.rvm/gems/ruby-3.0.0/gems/tty-color-0.6.0/lib
  22. /Users/davidsauntson/.rvm/gems/ruby-3.0.0/gems/pastel-0.8.0/lib
  23. /Users/davidsauntson/.rvm/gems/ruby-3.0.0/gems/tty-command-0.10.1/lib
  24. /Users/davidsauntson/.rvm/gems/ruby-3.0.0/gems/tty-which-0.4.2/lib
  25. /Users/davidsauntson/.rvm/gems/ruby-3.0.0/gems/nanoc-4.12.2/lib
  26. /Users/davidsauntson/.rvm/gems/ruby-3.0.0/gems/rack-2.2.3/lib
  27. /Users/davidsauntson/.rvm/gems/ruby-3.0.0/gems/adsf-1.4.6/lib
  28. /Users/davidsauntson/.rvm/rubies/ruby-3.0.0/lib/ruby/site_ruby/3.0.0
  29. /Users/davidsauntson/.rvm/rubies/ruby-3.0.0/lib/ruby/site_ruby/3.0.0/x86_64-darwin20
  30. /Users/davidsauntson/.rvm/rubies/ruby-3.0.0/lib/ruby/site_ruby
  31. /Users/davidsauntson/.rvm/rubies/ruby-3.0.0/lib/ruby/vendor_ruby/3.0.0
  32. /Users/davidsauntson/.rvm/rubies/ruby-3.0.0/lib/ruby/vendor_ruby/3.0.0/x86_64-darwin20
  33. /Users/davidsauntson/.rvm/rubies/ruby-3.0.0/lib/ruby/vendor_ruby
  34. /Users/davidsauntson/.rvm/rubies/ruby-3.0.0/lib/ruby/3.0.0
  35. /Users/davidsauntson/.rvm/rubies/ruby-3.0.0/lib/ruby/3.0.0/x86_64-darwin20
